 Start procces day 30/01/2017 and hour 18:19:15,31 
inicio subroutina Exitsfiles
fin subroutina de Existsfiles
tendriamos que ir a E:
 Current dir "E:\wrk_bckp" 
Press any key to continue . . . 
E:\wrk_bckp
 Current dir "E:\wrk_bckp" 
Microsoft Drive Optimizer
Copyright (c) 2013 Microsoft Corp.

Invoking defragmentation on bckp_work (E:)...


Pre-Optimization Report:

	Volume Information:
		Volume size                 = 465,75 GB
		Free space                  = 359,18 GB
		Total fragmented space      = 0%
		Largest free space size     = 341,15 GB

	Note: File fragments larger than 64MB are not included in the fragmentation statistics.


Cancelling operation...

The user cancelled the operation. (0x89000006)
Terminate batch job (Y/N)? 
Press any key to continue . . . 
Terminate batch job (Y/N)? 